

Started GET "/" for 127.0.0.1 at 2013-10-10 13:56:54 +0700
Processing by Rails::WelcomeController#index as HTML
  Rendered /Users/eddie/.rvm/gems/ruby-1.9.3-p448/gems/railties-4.0.0/lib/rails/templates/rails/welcome/index.html.erb (2.1ms)
Completed 200 OK in 30ms (Views: 12.3ms)


Started GET "/" for 127.0.0.1 at 2013-10-10 14:13:31 +0700
Processing by Rails::WelcomeController#index as HTML
  Rendered /Users/eddie/.rvm/gems/ruby-1.9.3-p448/gems/railties-4.0.0/lib/rails/templates/rails/welcome/index.html.erb (5.6ms)
Completed 200 OK in 46ms (Views: 21.1ms)


Started GET "/" for 127.0.0.1 at 2013-10-10 14:13:34 +0700
Processing by Rails::WelcomeController#index as HTML
  Rendered /Users/eddie/.rvm/gems/ruby-1.9.3-p448/gems/railties-4.0.0/lib/rails/templates/rails/welcome/index.html.erb (0.1ms)
Completed 200 OK in 3ms (Views: 2.3ms)


Started GET "/" for 127.0.0.1 at 2013-10-10 16:12:03 +0700
Processing by Rails::WelcomeController#index as HTML
  Rendered /Users/eddie/.rvm/gems/ruby-1.9.3-p448/gems/railties-4.0.0/lib/rails/templates/rails/welcome/index.html.erb (6.9ms)
Completed 200 OK in 43ms (Views: 21.7ms)


Started GET "/tasks" for 127.0.0.1 at 2013-10-10 16:12:06 +0700
Processing by TasksController#index as HTML
  MOPED: 127.0.0.1:27017 COMMAND      database=admin command={:ismaster=>1} runtime: 19.2600ms
  MOPED: 127.0.0.1:27017 QUERY        database=todolist collection=tasks selector={} flags=[] limit=0 skip=0 batch_size=nil fields=nil runtime: 0.4190ms
  Rendered tasks/index.html.erb within layouts/application (22.1ms)
Completed 200 OK in 641ms (Views: 623.1ms)


Started GET "/assets/scaffolds.css?body=1" for 127.0.0.1 at 2013-10-10 16:12:06 +0700


Started GET "/assets/turbolinks.js?body=1" for 127.0.0.1 at 2013-10-10 16:12:06 +0700


Started GET "/assets/tasks.css?body=1" for 127.0.0.1 at 2013-10-10 16:12:06 +0700


Started GET "/assets/tasks.js?body=1" for 127.0.0.1 at 2013-10-10 16:12:06 +0700


Started GET "/assets/jquery_ujs.js?body=1" for 127.0.0.1 at 2013-10-10 16:12:06 +0700


Started GET "/assets/jquery.js?body=1" for 127.0.0.1 at 2013-10-10 16:12:06 +0700


Started GET "/assets/application.css?body=1" for 127.0.0.1 at 2013-10-10 16:12:06 +0700


Started GET "/assets/application.js?body=1" for 127.0.0.1 at 2013-10-10 16:12:06 +0700


Started GET "/tasks/new" for 127.0.0.1 at 2013-10-10 16:12:08 +0700
Processing by TasksController#new as HTML
  Rendered tasks/_form.html.erb (44.3ms)
  Rendered tasks/new.html.erb within layouts/application (57.1ms)
Completed 200 OK in 62ms (Views: 61.4ms)


Started GET "/tasks/new" for 127.0.0.1 at 2013-10-10 16:28:31 +0700
Processing by TasksController#new as HTML
Completed 401 Unauthorized in 31ms


Started GET "/users/sign_in" for 127.0.0.1 at 2013-10-10 16:28:31 +0700
Processing by Devise::SessionsController#new as HTML
  Rendered devise/shared/_links.erb (1.3ms)
  Rendered devise/sessions/new.html.erb within layouts/application (22.6ms)
Completed 200 OK in 79ms (Views: 76.2ms)


Started GET "/assets/scaffolds.css?body=1" for 127.0.0.1 at 2013-10-10 16:28:31 +0700


Started GET "/assets/application.css?body=1" for 127.0.0.1 at 2013-10-10 16:28:31 +0700


Started GET "/assets/tasks.css?body=1" for 127.0.0.1 at 2013-10-10 16:28:31 +0700


Started GET "/assets/jquery.js?body=1" for 127.0.0.1 at 2013-10-10 16:28:31 +0700


Started GET "/assets/jquery_ujs.js?body=1" for 127.0.0.1 at 2013-10-10 16:28:31 +0700


Started GET "/assets/turbolinks.js?body=1" for 127.0.0.1 at 2013-10-10 16:28:31 +0700


Started GET "/assets/tasks.js?body=1" for 127.0.0.1 at 2013-10-10 16:28:31 +0700


Started GET "/assets/application.js?body=1" for 127.0.0.1 at 2013-10-10 16:28:31 +0700


Started GET "/users/sign_in" for 127.0.0.1 at 2013-10-10 16:28:32 +0700
Processing by Devise::SessionsController#new as HTML
  Rendered devise/shared/_links.erb (0.4ms)
  Rendered devise/sessions/new.html.erb within layouts/application (3.0ms)
Completed 200 OK in 10ms (Views: 8.4ms)


Started GET "/assets/application.css?body=1" for 127.0.0.1 at 2013-10-10 16:28:32 +0700


Started GET "/assets/scaffolds.css?body=1" for 127.0.0.1 at 2013-10-10 16:28:32 +0700


Started GET "/assets/tasks.css?body=1" for 127.0.0.1 at 2013-10-10 16:28:32 +0700


Started GET "/assets/jquery.js?body=1" for 127.0.0.1 at 2013-10-10 16:28:32 +0700


Started GET "/assets/jquery_ujs.js?body=1" for 127.0.0.1 at 2013-10-10 16:28:32 +0700


Started GET "/assets/turbolinks.js?body=1" for 127.0.0.1 at 2013-10-10 16:28:32 +0700


Started GET "/assets/tasks.js?body=1" for 127.0.0.1 at 2013-10-10 16:28:32 +0700


Started GET "/assets/application.js?body=1" for 127.0.0.1 at 2013-10-10 16:28:32 +0700


Started GET "/users/sign_up" for 127.0.0.1 at 2013-10-10 16:28:34 +0700
Processing by Devise::RegistrationsController#new as HTML
  Rendered devise/shared/_links.erb (0.3ms)
  Rendered devise/registrations/new.html.erb within layouts/application (3.6ms)
Completed 200 OK in 10ms (Views: 8.4ms)


Started POST "/users" for 127.0.0.1 at 2013-10-10 16:28:39 +0700
Processing by Devise::RegistrationsController#create as HTML
  Parameters: {"utf8"=>"✓", "authenticity_token"=>"VzTsEXO8dwCLPCqYWOLQL48mMSLmgxbdFO5Wbmf6ctM=", "user"=>{"email"=>"happierv@gmail.com", "password"=>"[FILTERED]", "password_confirmation"=>"[FILTERED]"}, "commit"=>"Sign up"}
  MOPED: 127.0.0.1:27017 COMMAND      database=admin command={:ismaster=>1} runtime: 0.9150ms
  MOPED: 127.0.0.1:27017 QUERY        database=todolist collection=users selector={"email"=>"happierv@gmail.com"} flags=[] limit=-1 skip=0 batch_size=nil fields={:_id=>1} runtime: 0.3440ms
  Rendered devise/shared/_links.erb (0.3ms)
  Rendered devise/registrations/new.html.erb within layouts/application (3.7ms)
Completed 200 OK in 88ms (Views: 8.3ms)


Started GET "/assets/application.css?body=1" for 127.0.0.1 at 2013-10-10 16:28:39 +0700


Started GET "/assets/tasks.css?body=1" for 127.0.0.1 at 2013-10-10 16:28:39 +0700


Started GET "/assets/scaffolds.css?body=1" for 127.0.0.1 at 2013-10-10 16:28:39 +0700


Started GET "/assets/jquery.js?body=1" for 127.0.0.1 at 2013-10-10 16:28:39 +0700


Started GET "/assets/turbolinks.js?body=1" for 127.0.0.1 at 2013-10-10 16:28:39 +0700


Started GET "/assets/jquery_ujs.js?body=1" for 127.0.0.1 at 2013-10-10 16:28:39 +0700


Started GET "/assets/tasks.js?body=1" for 127.0.0.1 at 2013-10-10 16:28:39 +0700


Started GET "/assets/application.js?body=1" for 127.0.0.1 at 2013-10-10 16:28:39 +0700


Started GET "/users" for 127.0.0.1 at 2013-10-10 16:29:35 +0700

ActionController::RoutingError (No route matches [GET] "/users"):
  actionpack (4.0.0) lib/action_dispatch/middleware/debug_exceptions.rb:21:in `call'
  actionpack (4.0.0) lib/action_dispatch/middleware/show_exceptions.rb:30:in `call'
  railties (4.0.0) lib/rails/rack/logger.rb:38:in `call_app'
  railties (4.0.0) lib/rails/rack/logger.rb:21:in `block in call'
  activesupport (4.0.0) lib/active_support/tagged_logging.rb:67:in `block in tagged'
  activesupport (4.0.0) lib/active_support/tagged_logging.rb:25:in `tagged'
  activesupport (4.0.0) lib/active_support/tagged_logging.rb:67:in `tagged'
  railties (4.0.0) lib/rails/rack/logger.rb:21:in `call'
  actionpack (4.0.0) lib/action_dispatch/middleware/request_id.rb:21:in `call'
  rack (1.5.2) lib/rack/methodoverride.rb:21:in `call'
  rack (1.5.2) lib/rack/runtime.rb:17:in `call'
  activesupport (4.0.0) lib/active_support/cache/strategy/local_cache.rb:83:in `call'
  rack (1.5.2) lib/rack/lock.rb:17:in `call'
  actionpack (4.0.0) lib/action_dispatch/middleware/static.rb:64:in `call'
  railties (4.0.0) lib/rails/engine.rb:511:in `call'
  railties (4.0.0) lib/rails/application.rb:97:in `call'
  rack (1.5.2) lib/rack/lock.rb:17:in `call'
  rack (1.5.2) lib/rack/content_length.rb:14:in `call'
  rack (1.5.2) lib/rack/handler/webrick.rb:60:in `service'
  /Users/eddie/.rvm/rubies/ruby-1.9.3-p448/lib/ruby/1.9.1/webrick/httpserver.rb:138:in `service'
  /Users/eddie/.rvm/rubies/ruby-1.9.3-p448/lib/ruby/1.9.1/webrick/httpserver.rb:94:in `run'
  /Users/eddie/.rvm/rubies/ruby-1.9.3-p448/lib/ruby/1.9.1/webrick/server.rb:191:in `block in start_thread'


  Rendered /Users/eddie/.rvm/gems/ruby-1.9.3-p448/gems/actionpack-4.0.0/lib/action_dispatch/middleware/templates/rescues/_trace.erb (1.0ms)
  Rendered /Users/eddie/.rvm/gems/ruby-1.9.3-p448/gems/actionpack-4.0.0/lib/action_dispatch/middleware/templates/routes/_route.html.erb (1.6ms)
  Rendered /Users/eddie/.rvm/gems/ruby-1.9.3-p448/gems/actionpack-4.0.0/lib/action_dispatch/middleware/templates/routes/_table.html.erb (6.7ms)
  Rendered /Users/eddie/.rvm/gems/ruby-1.9.3-p448/gems/actionpack-4.0.0/lib/action_dispatch/middleware/templates/rescues/routing_error.erb within rescues/layout (38.3ms)


Started GET "/users" for 127.0.0.1 at 2013-10-10 16:29:37 +0700

ActionController::RoutingError (No route matches [GET] "/users"):
  actionpack (4.0.0) lib/action_dispatch/middleware/debug_exceptions.rb:21:in `call'
  actionpack (4.0.0) lib/action_dispatch/middleware/show_exceptions.rb:30:in `call'
  railties (4.0.0) lib/rails/rack/logger.rb:38:in `call_app'
  railties (4.0.0) lib/rails/rack/logger.rb:21:in `block in call'
  activesupport (4.0.0) lib/active_support/tagged_logging.rb:67:in `block in tagged'
  activesupport (4.0.0) lib/active_support/tagged_logging.rb:25:in `tagged'
  activesupport (4.0.0) lib/active_support/tagged_logging.rb:67:in `tagged'
  railties (4.0.0) lib/rails/rack/logger.rb:21:in `call'
  actionpack (4.0.0) lib/action_dispatch/middleware/request_id.rb:21:in `call'
  rack (1.5.2) lib/rack/methodoverride.rb:21:in `call'
  rack (1.5.2) lib/rack/runtime.rb:17:in `call'
  activesupport (4.0.0) lib/active_support/cache/strategy/local_cache.rb:83:in `call'
  rack (1.5.2) lib/rack/lock.rb:17:in `call'
  actionpack (4.0.0) lib/action_dispatch/middleware/static.rb:64:in `call'
  railties (4.0.0) lib/rails/engine.rb:511:in `call'
  railties (4.0.0) lib/rails/application.rb:97:in `call'
  rack (1.5.2) lib/rack/lock.rb:17:in `call'
  rack (1.5.2) lib/rack/content_length.rb:14:in `call'
  rack (1.5.2) lib/rack/handler/webrick.rb:60:in `service'
  /Users/eddie/.rvm/rubies/ruby-1.9.3-p448/lib/ruby/1.9.1/webrick/httpserver.rb:138:in `service'
  /Users/eddie/.rvm/rubies/ruby-1.9.3-p448/lib/ruby/1.9.1/webrick/httpserver.rb:94:in `run'
  /Users/eddie/.rvm/rubies/ruby-1.9.3-p448/lib/ruby/1.9.1/webrick/server.rb:191:in `block in start_thread'


  Rendered /Users/eddie/.rvm/gems/ruby-1.9.3-p448/gems/actionpack-4.0.0/lib/action_dispatch/middleware/templates/rescues/_trace.erb (1.5ms)
  Rendered /Users/eddie/.rvm/gems/ruby-1.9.3-p448/gems/actionpack-4.0.0/lib/action_dispatch/middleware/templates/routes/_route.html.erb (2.0ms)
  Rendered /Users/eddie/.rvm/gems/ruby-1.9.3-p448/gems/actionpack-4.0.0/lib/action_dispatch/middleware/templates/routes/_table.html.erb (1.1ms)
  Rendered /Users/eddie/.rvm/gems/ruby-1.9.3-p448/gems/actionpack-4.0.0/lib/action_dispatch/middleware/templates/rescues/routing_error.erb within rescues/layout (22.1ms)


Started GET "/users" for 127.0.0.1 at 2013-10-10 16:29:43 +0700

ActionController::RoutingError (No route matches [GET] "/users"):
  actionpack (4.0.0) lib/action_dispatch/middleware/debug_exceptions.rb:21:in `call'
  actionpack (4.0.0) lib/action_dispatch/middleware/show_exceptions.rb:30:in `call'
  railties (4.0.0) lib/rails/rack/logger.rb:38:in `call_app'
  railties (4.0.0) lib/rails/rack/logger.rb:21:in `block in call'
  activesupport (4.0.0) lib/active_support/tagged_logging.rb:67:in `block in tagged'
  activesupport (4.0.0) lib/active_support/tagged_logging.rb:25:in `tagged'
  activesupport (4.0.0) lib/active_support/tagged_logging.rb:67:in `tagged'
  railties (4.0.0) lib/rails/rack/logger.rb:21:in `call'
  actionpack (4.0.0) lib/action_dispatch/middleware/request_id.rb:21:in `call'
  rack (1.5.2) lib/rack/methodoverride.rb:21:in `call'
  rack (1.5.2) lib/rack/runtime.rb:17:in `call'
  activesupport (4.0.0) lib/active_support/cache/strategy/local_cache.rb:83:in `call'
  rack (1.5.2) lib/rack/lock.rb:17:in `call'
  actionpack (4.0.0) lib/action_dispatch/middleware/static.rb:64:in `call'
  railties (4.0.0) lib/rails/engine.rb:511:in `call'
  railties (4.0.0) lib/rails/application.rb:97:in `call'
  rack (1.5.2) lib/rack/lock.rb:17:in `call'
  rack (1.5.2) lib/rack/content_length.rb:14:in `call'
  rack (1.5.2) lib/rack/handler/webrick.rb:60:in `service'
  /Users/eddie/.rvm/rubies/ruby-1.9.3-p448/lib/ruby/1.9.1/webrick/httpserver.rb:138:in `service'
  /Users/eddie/.rvm/rubies/ruby-1.9.3-p448/lib/ruby/1.9.1/webrick/httpserver.rb:94:in `run'
  /Users/eddie/.rvm/rubies/ruby-1.9.3-p448/lib/ruby/1.9.1/webrick/server.rb:191:in `block in start_thread'


  Rendered /Users/eddie/.rvm/gems/ruby-1.9.3-p448/gems/actionpack-4.0.0/lib/action_dispatch/middleware/templates/rescues/_trace.erb (1.0ms)
  Rendered /Users/eddie/.rvm/gems/ruby-1.9.3-p448/gems/actionpack-4.0.0/lib/action_dispatch/middleware/templates/routes/_route.html.erb (1.7ms)
  Rendered /Users/eddie/.rvm/gems/ruby-1.9.3-p448/gems/actionpack-4.0.0/lib/action_dispatch/middleware/templates/routes/_table.html.erb (1.0ms)
  Rendered /Users/eddie/.rvm/gems/ruby-1.9.3-p448/gems/actionpack-4.0.0/lib/action_dispatch/middleware/templates/rescues/routing_error.erb within rescues/layout (22.1ms)


Started GET "/" for 127.0.0.1 at 2013-10-10 16:29:46 +0700

ActionController::RoutingError (uninitialized constant HomeController):
  activesupport (4.0.0) lib/active_support/inflector/methods.rb:226:in `const_get'
  activesupport (4.0.0) lib/active_support/inflector/methods.rb:226:in `block in constantize'
  activesupport (4.0.0) lib/active_support/inflector/methods.rb:224:in `each'
  activesupport (4.0.0) lib/active_support/inflector/methods.rb:224:in `inject'
  activesupport (4.0.0) lib/active_support/inflector/methods.rb:224:in `constantize'
  actionpack (4.0.0) lib/action_dispatch/routing/route_set.rb:76:in `controller_reference'
  actionpack (4.0.0) lib/action_dispatch/routing/route_set.rb:66:in `controller'
  actionpack (4.0.0) lib/action_dispatch/routing/route_set.rb:44:in `call'
  actionpack (4.0.0) lib/action_dispatch/journey/router.rb:71:in `block in call'
  actionpack (4.0.0) lib/action_dispatch/journey/router.rb:59:in `each'
  actionpack (4.0.0) lib/action_dispatch/journey/router.rb:59:in `call'
  actionpack (4.0.0) lib/action_dispatch/routing/route_set.rb:655:in `call'
  /Users/eddie/.bundler/ruby/1.9.1/mongoid-cc7a0e709066/lib/rack/mongoid/middleware/identity_map.rb:34:in `block in call'
  /Users/eddie/.bundler/ruby/1.9.1/mongoid-cc7a0e709066/lib/mongoid/unit_of_work.rb:39:in `unit_of_work'
  /Users/eddie/.bundler/ruby/1.9.1/mongoid-cc7a0e709066/lib/rack/mongoid/middleware/identity_map.rb:34:in `call'
  warden (1.2.3) lib/warden/manager.rb:35:in `block in call'
  warden (1.2.3) lib/warden/manager.rb:34:in `catch'
  warden (1.2.3) lib/warden/manager.rb:34:in `call'
  rack (1.5.2) lib/rack/etag.rb:23:in `call'
  rack (1.5.2) lib/rack/conditionalget.rb:25:in `call'
  rack (1.5.2) lib/rack/head.rb:11:in `call'
  actionpack (4.0.0) lib/action_dispatch/middleware/params_parser.rb:27:in `call'
  actionpack (4.0.0) lib/action_dispatch/middleware/flash.rb:241:in `call'
  rack (1.5.2) lib/rack/session/abstract/id.rb:225:in `context'
  rack (1.5.2) lib/rack/session/abstract/id.rb:220:in `call'
  actionpack (4.0.0) lib/action_dispatch/middleware/cookies.rb:486:in `call'
  actionpack (4.0.0) lib/action_dispatch/middleware/callbacks.rb:29:in `block in call'
  activesupport (4.0.0) lib/active_support/callbacks.rb:373:in `_run__2573500646442482094__call__callbacks'
  activesupport (4.0.0) lib/active_support/callbacks.rb:80:in `run_callbacks'
  actionpack (4.0.0) lib/action_dispatch/middleware/callbacks.rb:27:in `call'
  actionpack (4.0.0) lib/action_dispatch/middleware/reloader.rb:64:in `call'
  actionpack (4.0.0) lib/action_dispatch/middleware/remote_ip.rb:76:in `call'
  actionpack (4.0.0) lib/action_dispatch/middleware/debug_exceptions.rb:17:in `call'
  actionpack (4.0.0) lib/action_dispatch/middleware/show_exceptions.rb:30:in `call'
  railties (4.0.0) lib/rails/rack/logger.rb:38:in `call_app'
  railties (4.0.0) lib/rails/rack/logger.rb:21:in `block in call'
  activesupport (4.0.0) lib/active_support/tagged_logging.rb:67:in `block in tagged'
  activesupport (4.0.0) lib/active_support/tagged_logging.rb:25:in `tagged'
  activesupport (4.0.0) lib/active_support/tagged_logging.rb:67:in `tagged'
  railties (4.0.0) lib/rails/rack/logger.rb:21:in `call'
  actionpack (4.0.0) lib/action_dispatch/middleware/request_id.rb:21:in `call'
  rack (1.5.2) lib/rack/methodoverride.rb:21:in `call'
  rack (1.5.2) lib/rack/runtime.rb:17:in `call'
  activesupport (4.0.0) lib/active_support/cache/strategy/local_cache.rb:83:in `call'
  rack (1.5.2) lib/rack/lock.rb:17:in `call'
  actionpack (4.0.0) lib/action_dispatch/middleware/static.rb:64:in `call'
  railties (4.0.0) lib/rails/engine.rb:511:in `call'
  railties (4.0.0) lib/rails/application.rb:97:in `call'
  rack (1.5.2) lib/rack/lock.rb:17:in `call'
  rack (1.5.2) lib/rack/content_length.rb:14:in `call'
  rack (1.5.2) lib/rack/handler/webrick.rb:60:in `service'
  /Users/eddie/.rvm/rubies/ruby-1.9.3-p448/lib/ruby/1.9.1/webrick/httpserver.rb:138:in `service'
  /Users/eddie/.rvm/rubies/ruby-1.9.3-p448/lib/ruby/1.9.1/webrick/httpserver.rb:94:in `run'
  /Users/eddie/.rvm/rubies/ruby-1.9.3-p448/lib/ruby/1.9.1/webrick/server.rb:191:in `block in start_thread'


  Rendered /Users/eddie/.rvm/gems/ruby-1.9.3-p448/gems/actionpack-4.0.0/lib/action_dispatch/middleware/templates/rescues/_trace.erb (0.9ms)
  Rendered /Users/eddie/.rvm/gems/ruby-1.9.3-p448/gems/actionpack-4.0.0/lib/action_dispatch/middleware/templates/routes/_route.html.erb (2.1ms)
  Rendered /Users/eddie/.rvm/gems/ruby-1.9.3-p448/gems/actionpack-4.0.0/lib/action_dispatch/middleware/templates/routes/_table.html.erb (1.1ms)
  Rendered /Users/eddie/.rvm/gems/ruby-1.9.3-p448/gems/actionpack-4.0.0/lib/action_dispatch/middleware/templates/rescues/routing_error.erb within rescues/layout (49.0ms)


Started GET "/tasks" for 127.0.0.1 at 2013-10-10 16:30:01 +0700
Processing by TasksController#index as HTML
Completed 401 Unauthorized in 33ms


Started GET "/users/sign_in" for 127.0.0.1 at 2013-10-10 16:30:01 +0700
Processing by Devise::SessionsController#new as HTML
  Rendered devise/shared/_links.erb (1.3ms)
  Rendered devise/sessions/new.html.erb within layouts/application (38.6ms)
Completed 200 OK in 67ms (Views: 63.3ms)


Started GET "/assets/tasks.css?body=1" for 127.0.0.1 at 2013-10-10 16:30:02 +0700


Started GET "/assets/jquery_ujs.js?body=1" for 127.0.0.1 at 2013-10-10 16:30:02 +0700


Started GET "/assets/turbolinks.js?body=1" for 127.0.0.1 at 2013-10-10 16:30:02 +0700


Started GET "/assets/application.css?body=1" for 127.0.0.1 at 2013-10-10 16:30:02 +0700


Started GET "/assets/scaffolds.css?body=1" for 127.0.0.1 at 2013-10-10 16:30:02 +0700


Started GET "/assets/jquery.js?body=1" for 127.0.0.1 at 2013-10-10 16:30:02 +0700


Started GET "/assets/tasks.js?body=1" for 127.0.0.1 at 2013-10-10 16:30:02 +0700


Started GET "/assets/application.js?body=1" for 127.0.0.1 at 2013-10-10 16:30:02 +0700


Started GET "/users/sign_up" for 127.0.0.1 at 2013-10-10 16:30:04 +0700
Processing by Devise::RegistrationsController#new as HTML
  Rendered devise/shared/_links.erb (0.3ms)
  Rendered devise/registrations/new.html.erb within layouts/application (3.7ms)
Completed 200 OK in 26ms (Views: 23.9ms)


Started POST "/users" for 127.0.0.1 at 2013-10-10 16:30:09 +0700
Processing by Devise::RegistrationsController#create as HTML
  Parameters: {"utf8"=>"✓", "authenticity_token"=>"VzTsEXO8dwCLPCqYWOLQL48mMSLmgxbdFO5Wbmf6ctM=", "user"=>{"email"=>"happierv@gmail.com", "password"=>"[FILTERED]", "password_confirmation"=>"[FILTERED]"}, "commit"=>"Sign up"}
  MOPED: 127.0.0.1:27017 COMMAND      database=admin command={:ismaster=>1} runtime: 0.8910ms
  MOPED: 127.0.0.1:27017 QUERY        database=todolist collection=users selector={"email"=>"happierv@gmail.com"} flags=[] limit=-1 skip=0 batch_size=nil fields={:_id=>1} runtime: 0.4020ms
  MOPED: 127.0.0.1:27017 INSERT       database=todolist collection=users documents=[{"_id"=>BSON::ObjectId('38aeb3a14d616545c0000000'), "email"=>"happierv@gmail.com", "encrypted_password"=>"$2a$10$LWF9hvVce7p5rUvo8cOx9upRSjtSaObPR4AWK81KYKzBbogO/a6uy", "sign_in_count"=>0}] flags=[]
                         COMMAND      database=todolist command={:getlasterror=>1, :w=>1} runtime: 222.5290ms
  MOPED: 127.0.0.1:27017 UPDATE       database=todolist collection=users selector={"_id"=>BSON::ObjectId('38aeb3a14d616545c0000000')} update={"$set"=>{"last_sign_in_at"=>2013-10-10 09:30:09 UTC, "current_sign_in_at"=>2013-10-10 09:30:09 UTC, "last_sign_in_ip"=>"127.0.0.1", "current_sign_in_ip"=>"127.0.0.1", "sign_in_count"=>1}} flags=[]
                         COMMAND      database=todolist command={:getlasterror=>1, :w=>1} runtime: 0.8660ms
Redirected to http://0.0.0.0:3000/tasks
Completed 302 Found in 309ms


Started GET "/tasks" for 127.0.0.1 at 2013-10-10 16:30:09 +0700
Processing by TasksController#index as HTML
  MOPED: 127.0.0.1:27017 QUERY        database=todolist collection=users selector={"$query"=>{"_id"=>BSON::ObjectId('38aeb3a14d616545c0000000')}, "$orderby"=>{:_id=>1}} flags=[] limit=-1 skip=0 batch_size=nil fields=nil runtime: 0.6790ms
  MOPED: 127.0.0.1:27017 QUERY        database=todolist collection=tasks selector={} flags=[] limit=0 skip=0 batch_size=nil fields=nil runtime: 0.5560ms
  Rendered tasks/index.html.erb within layouts/application (2.2ms)
Completed 200 OK in 31ms (Views: 7.5ms)


Started GET "/assets/application.css?body=1" for 127.0.0.1 at 2013-10-10 16:30:09 +0700


Started GET "/assets/jquery_ujs.js?body=1" for 127.0.0.1 at 2013-10-10 16:30:09 +0700


Started GET "/assets/tasks.css?body=1" for 127.0.0.1 at 2013-10-10 16:30:09 +0700


Started GET "/assets/jquery.js?body=1" for 127.0.0.1 at 2013-10-10 16:30:09 +0700


Started GET "/assets/turbolinks.js?body=1" for 127.0.0.1 at 2013-10-10 16:30:09 +0700


Started GET "/assets/scaffolds.css?body=1" for 127.0.0.1 at 2013-10-10 16:30:09 +0700


Started GET "/assets/tasks.js?body=1" for 127.0.0.1 at 2013-10-10 16:30:09 +0700


Started GET "/assets/application.js?body=1" for 127.0.0.1 at 2013-10-10 16:30:09 +0700
